<?xml version="1.0" encoding="UTF-8"?>
<!-- Generated by org.testng.reporters.JUnitReportReporter -->
<testsuite skipped="0" hostname="AdroitComputer" name="Academy.HomePageNavigation" tests="3" failures="0" timestamp="17 May 2019 18:31:08 GMT" time="172.473" errors="0">
  <testcase name="NavigateToHomePage" time="59.270" classname="Academy.HomePageNavigation"/>
  <testcase name="NavigateToHomePage" time="63.072" classname="Academy.HomePageNavigation"/>
  <testcase name="NavigateToHomePage" time="50.131" classname="Academy.HomePageNavigation"/>
</testsuite> <!-- Academy.HomePageNavigation -->
