<?xml version="1.0" encoding="UTF-8"?>
<!-- Generated by org.testng.reporters.JUnitReportReporter -->
<testsuite skipped="0" hostname="AdroitComputer" name="Academy.LoginScenarios" tests="3" failures="0" timestamp="19 May 2019 08:26:03 GMT" time="160.016" errors="0">
  <testcase name="NavigateToHomePage" time="56.497" classname="Academy.LoginScenarios"/>
  <testcase name="NavigateToHomePage" time="42.101" classname="Academy.LoginScenarios"/>
  <testcase name="NavigateToHomePage" time="61.418" classname="Academy.LoginScenarios"/>
</testsuite> <!-- Academy.LoginScenarios -->
