<?xml version="1.0" encoding="UTF-8"?>
<!-- Generated by org.testng.reporters.JUnitReportReporter -->
<testsuite skipped="0" hostname="AdroitComputer" name="Academy.HomePageSearch" tests="2" failures="0" timestamp="19 May 2019 08:39:47 GMT" time="90.238" errors="0">
  <testcase name="seleniumCourseScreen" time="47.936" classname="Academy.HomePageSearch"/>
  <testcase name="SeleniiumSearch" time="42.302" classname="Academy.HomePageSearch"/>
</testsuite> <!-- Academy.HomePageSearch -->
