<?xml version="1.0" encoding="UTF-8"?>
<!-- Generated by org.testng.reporters.JUnitReportReporter -->
<testsuite skipped="0" hostname="AdroitComputer" name="Academy.ValidateTitle" tests="1" failures="0" timestamp="18 May 2019 12:24:42 GMT" time="47.865" errors="0">
  <testcase name="NavigateToHomePage" time="47.865" classname="Academy.ValidateTitle"/>
</testsuite> <!-- Academy.ValidateTitle -->
