<?xml version="1.0" encoding="UTF-8"?>
<!-- Generated by org.testng.reporters.JUnitReportReporter -->
<testsuite skipped="0" hostname="AdroitComputer" name="Academy.LoginScenarios" tests="3" failures="0" timestamp="18 May 2019 12:24:42 GMT" time="282.038" errors="0">
  <testcase name="NavigateToHomePage" time="56.411" classname="Academy.LoginScenarios"/>
  <testcase name="NavigateToHomePage" time="91.082" classname="Academy.LoginScenarios"/>
  <testcase name="NavigateToHomePage" time="134.545" classname="Academy.LoginScenarios"/>
</testsuite> <!-- Academy.LoginScenarios -->
