<?xml version="1.0" encoding="UTF-8"?>
<!-- Generated by org.testng.reporters.JUnitReportReporter -->
<testsuite skipped="0" hostname="AdroitComputer" name="Academy.HomePageSearch" tests="2" failures="0" timestamp="18 May 2019 12:24:42 GMT" time="154.991" errors="0">
  <testcase name="seleniumCourseScreen" time="95.533" classname="Academy.HomePageSearch"/>
  <testcase name="SeleniiumSearch" time="59.458" classname="Academy.HomePageSearch"/>
</testsuite> <!-- Academy.HomePageSearch -->
